kartaRasta/src-capacitor/android/app/build/intermediates/manifest_merge_blame_file/release/manifest-merger-blame-release-report.txt
1<?xml version="1.0" encoding="utf-8"?>
2<manifest xmlns:android="http://schemas.android.com/apk/res/android"
3    package="com.informatika.kartaRasta"
4    android:versionCode="2"
5    android:versionName="1.1" >
6
7    <uses-sdk
8        android:minSdkVersion="22"
9        android:targetSdkVersion="34" />
10    <!-- Permissions -->
11    <uses-permission android:name="android.permission.RECEIVE_BOOT_COMPLETED" />
11-->src\main\AndroidManifest.xml:24:2-78
11-->src\main\AndroidManifest.xml:24:19-75
12    <uses-permission android:name="android.permission.VIBRATE" />
12-->src\main\AndroidManifest.xml:25:2-63
12-->src\main\AndroidManifest.xml:25:19-60
13    <uses-permission android:name="android.permission.SCHEDULE_EXACT_ALARM" />
13-->src\main\AndroidManifest.xml:26:2-76
13-->src\main\AndroidManifest.xml:26:19-73
14    <uses-permission android:name="android.permission.INTERNET" />
14-->src\main\AndroidManifest.xml:27:2-64
14-->src\main\AndroidManifest.xml:27:19-61
15    <uses-permission android:name="android.permission.WAKE_LOCK" />
15-->[:capacitor-local-notifications] AndroidManifest.xml:8:5-68
15-->[:capacitor-local-notifications] AndroidManifest.xml:8:22-65
16    <uses-permission android:name="android.permission.POST_NOTIFICATIONS" />
16-->[:capacitor-local-notifications] AndroidManifest.xml:9:5-77
16-->[:capacitor-local-notifications] AndroidManifest.xml:9:22-74
17
18    <permission
18-->[androidx.core:core:1.12.0] AndroidManifest.xml:22:5-24:47
19        android:name="com.informatika.kartaRasta.DYNAMIC_RECEIVER_NOT_EXPORTED_PERMISSION"
19-->[androidx.core:core:1.12.0] AndroidManifest.xml:23:9-81
20        android:protectionLevel="signature" />
20-->[androidx.core:core:1.12.0] AndroidManifest.xml:24:9-44
21
22    <uses-permission android:name="com.informatika.kartaRasta.DYNAMIC_RECEIVER_NOT_EXPORTED_PERMISSION" />
22-->[androidx.core:core:1.12.0] AndroidManifest.xml:26:5-97
22-->[androidx.core:core:1.12.0] AndroidManifest.xml:26:22-94
23
24    <application
24-->src\main\AndroidManifest.xml:3:2-22:16
25        android:allowBackup="true"
25-->src\main\AndroidManifest.xml:3:51-77
26        android:appComponentFactory="androidx.core.app.CoreComponentFactory"
26-->[androidx.core:core:1.12.0] AndroidManifest.xml:28:18-86
27        android:extractNativeLibs="true"
28        android:icon="@mipmap/ic_launcher"
28-->src\main\AndroidManifest.xml:3:78-112
29        android:label="@string/app_name"
29-->src\main\AndroidManifest.xml:3:113-145
30        android:roundIcon="@mipmap/ic_launcher_round"
30-->src\main\AndroidManifest.xml:3:146-191
31        android:supportsRtl="true"
31-->src\main\AndroidManifest.xml:3:192-218
32        android:theme="@style/AppTheme"
32-->src\main\AndroidManifest.xml:3:219-250
33        android:usesCleartextTraffic="true" >
33-->src\main\AndroidManifest.xml:3:15-50
34        <activity
34-->src\main\AndroidManifest.xml:4:3-9:14
35            android:name="com.informatika.kartaRasta.MainActivity"
35-->src\main\AndroidManifest.xml:4:130-158
36            android:configChanges="orientation|keyboardHidden|keyboard|screenSize|locale|smallestScreenSize|screenLayout|uiMode"
36-->src\main\AndroidManifest.xml:4:13-129
37            android:exported="true"
37-->src\main\AndroidManifest.xml:4:285-308
38            android:label="@string/title_activity_main"
38-->src\main\AndroidManifest.xml:4:159-202
39            android:launchMode="singleTask"
39-->src\main\AndroidManifest.xml:4:253-284
40            android:screenOrientation="portrait"
40-->src\main\AndroidManifest.xml:4:309-345
41            android:theme="@style/AppTheme.NoActionBarLaunch" >
41-->src\main\AndroidManifest.xml:4:203-252
42            <intent-filter>
42-->src\main\AndroidManifest.xml:5:4-8:20
43                <action android:name="android.intent.action.MAIN" />
43-->src\main\AndroidManifest.xml:6:5-57
43-->src\main\AndroidManifest.xml:6:13-54
44
45                <category android:name="android.intent.category.LAUNCHER" />
45-->src\main\AndroidManifest.xml:7:5-65
45-->src\main\AndroidManifest.xml:7:15-62
46            </intent-filter>
47        </activity>
48        <!-- Register the receiver -->
49        <receiver
49-->src\main\AndroidManifest.xml:11:3-15:14
50            android:name="com.getcapacitor.community.localnotifications.notifications.NotificationReceiver"
50-->src\main\AndroidManifest.xml:11:13-108
51            android:exported="true" >
51-->src\main\AndroidManifest.xml:11:109-132
52            <intent-filter>
52-->src\main\AndroidManifest.xml:12:4-14:20
53                <action android:name="com.getcapacitor.community.localnotifications.notifications.NotificationReceived" />
53-->src\main\AndroidManifest.xml:13:5-111
53-->src\main\AndroidManifest.xml:13:13-108
54            </intent-filter>
55        </receiver>
56        <!-- Required for scheduling notifications -->
57        <receiver
57-->src\main\AndroidManifest.xml:17:3-21:14
58            android:name="com.getcapacitor.community.localnotifications.notifications.NotificationPublisher"
58-->src\main\AndroidManifest.xml:17:13-109
59            android:exported="true" >
59-->src\main\AndroidManifest.xml:17:110-133
60            <intent-filter>
60-->src\main\AndroidManifest.xml:18:4-20:20
61                <action android:name="android.intent.action.BOOT_COMPLETED" />
61-->src\main\AndroidManifest.xml:19:5-67
61-->src\main\AndroidManifest.xml:19:13-64
62            </intent-filter>
63        </receiver>
64        <receiver android:name="com.capacitorjs.plugins.localnotifications.TimedNotificationPublisher" />
64-->[:capacitor-local-notifications] AndroidManifest.xml:12:9-106
64-->[:capacitor-local-notifications] AndroidManifest.xml:12:19-103
65        <receiver android:name="com.capacitorjs.plugins.localnotifications.NotificationDismissReceiver" />
65-->[:capacitor-local-notifications] AndroidManifest.xml:13:9-107
65-->[:capacitor-local-notifications] AndroidManifest.xml:13:19-104
66        <receiver
66-->[:capacitor-local-notifications] AndroidManifest.xml:14:9-23:20
67            android:name="com.capacitorjs.plugins.localnotifications.LocalNotificationRestoreReceiver"
67-->[:capacitor-local-notifications] AndroidManifest.xml:15:13-103
68            android:directBootAware="true"
68-->[:capacitor-local-notifications] AndroidManifest.xml:16:13-43
69            android:exported="false" >
69-->[:capacitor-local-notifications] AndroidManifest.xml:17:13-37
70            <intent-filter>
70-->[:capacitor-local-notifications] AndroidManifest.xml:18:13-22:29
71                <action android:name="android.intent.action.LOCKED_BOOT_COMPLETED" />
71-->[:capacitor-local-notifications] AndroidManifest.xml:19:17-86
71-->[:capacitor-local-notifications] AndroidManifest.xml:19:25-83
72                <action android:name="android.intent.action.BOOT_COMPLETED" />
72-->src\main\AndroidManifest.xml:19:5-67
72-->src\main\AndroidManifest.xml:19:13-64
73                <action android:name="android.intent.action.QUICKBOOT_POWERON" />
73-->[:capacitor-local-notifications] AndroidManifest.xml:21:17-82
73-->[:capacitor-local-notifications] AndroidManifest.xml:21:25-79
74            </intent-filter>
75        </receiver>
76
77        <provider
77-->[androidx.emoji2:emoji2:1.2.0] AndroidManifest.xml:24:9-32:20
78            android:name="androidx.startup.InitializationProvider"
78-->[androidx.emoji2:emoji2:1.2.0] AndroidManifest.xml:25:13-67
79            android:authorities="com.informatika.kartaRasta.androidx-startup"
79-->[androidx.emoji2:emoji2:1.2.0] AndroidManifest.xml:26:13-68
80            android:exported="false" >
80-->[androidx.emoji2:emoji2:1.2.0] AndroidManifest.xml:27:13-37
81            <meta-data
81-->[androidx.emoji2:emoji2:1.2.0] AndroidManifest.xml:29:13-31:52
82                android:name="androidx.emoji2.text.EmojiCompatInitializer"
82-->[androidx.emoji2:emoji2:1.2.0] AndroidManifest.xml:30:17-75
83                android:value="androidx.startup" />
83-->[androidx.emoji2:emoji2:1.2.0] AndroidManifest.xml:31:17-49
84            <meta-data
84-->[androidx.lifecycle:lifecycle-process:2.6.1] AndroidManifest.xml:29:13-31:52
85                android:name="androidx.lifecycle.ProcessLifecycleInitializer"
85-->[androidx.lifecycle:lifecycle-process:2.6.1] AndroidManifest.xml:30:17-78
86                android:value="androidx.startup" />
86-->[androidx.lifecycle:lifecycle-process:2.6.1] AndroidManifest.xml:31:17-49
87            <meta-data
87-->[androidx.profileinstaller:profileinstaller:1.3.0] AndroidManifest.xml:29:13-31:52
88                android:name="androidx.profileinstaller.ProfileInstallerInitializer"
88-->[androidx.profileinstaller:profileinstaller:1.3.0] AndroidManifest.xml:30:17-85
89                android:value="androidx.startup" />
89-->[androidx.profileinstaller:profileinstaller:1.3.0] AndroidManifest.xml:31:17-49
90        </provider>
91
92        <receiver
92-->[androidx.profileinstaller:profileinstaller:1.3.0] AndroidManifest.xml:34:9-52:20
93            android:name="androidx.profileinstaller.ProfileInstallReceiver"
93-->[androidx.profileinstaller:profileinstaller:1.3.0] AndroidManifest.xml:35:13-76
94            android:directBootAware="false"
94-->[androidx.profileinstaller:profileinstaller:1.3.0] AndroidManifest.xml:36:13-44
95            android:enabled="true"
95-->[androidx.profileinstaller:profileinstaller:1.3.0] AndroidManifest.xml:37:13-35
96            android:exported="true"
96-->[androidx.profileinstaller:profileinstaller:1.3.0] AndroidManifest.xml:38:13-36
97            android:permission="android.permission.DUMP" >
97-->[androidx.profileinstaller:profileinstaller:1.3.0] AndroidManifest.xml:39:13-57
98            <intent-filter>
98-->[androidx.profileinstaller:profileinstaller:1.3.0] AndroidManifest.xml:40:13-42:29
99                <action android:name="androidx.profileinstaller.action.INSTALL_PROFILE" />
99-->[androidx.profileinstaller:profileinstaller:1.3.0] AndroidManifest.xml:41:17-91
99-->[androidx.profileinstaller:profileinstaller:1.3.0] AndroidManifest.xml:41:25-88
100            </intent-filter>
101            <intent-filter>
101-->[androidx.profileinstaller:profileinstaller:1.3.0] AndroidManifest.xml:43:13-45:29
102                <action android:name="androidx.profileinstaller.action.SKIP_FILE" />
102-->[androidx.profileinstaller:profileinstaller:1.3.0] AndroidManifest.xml:44:17-85
102-->[androidx.profileinstaller:profileinstaller:1.3.0] AndroidManifest.xml:44:25-82
103            </intent-filter>
104            <intent-filter>
104-->[androidx.profileinstaller:profileinstaller:1.3.0] AndroidManifest.xml:46:13-48:29
105                <action android:name="androidx.profileinstaller.action.SAVE_PROFILE" />
105-->[androidx.profileinstaller:profileinstaller:1.3.0] AndroidManifest.xml:47:17-88
105-->[androidx.profileinstaller:profileinstaller:1.3.0] AndroidManifest.xml:47:25-85
106            </intent-filter>
107            <intent-filter>
107-->[androidx.profileinstaller:profileinstaller:1.3.0] AndroidManifest.xml:49:13-51:29
108                <action android:name="androidx.profileinstaller.action.BENCHMARK_OPERATION" />
108-->[androidx.profileinstaller:profileinstaller:1.3.0] AndroidManifest.xml:50:17-95
108-->[androidx.profileinstaller:profileinstaller:1.3.0] AndroidManifest.xml:50:25-92
109            </intent-filter>
110        </receiver>
111    </application>
112
113</manifest>